
[2026-01-03 18:59:03] local.INFO: AuthController@me - User verified {"user_id":2,"email":"cajera@elexito.hn","branch_id":2,"tenant_id":1,"headers":{"X-Branch-ID":"2","X-Tenant-ID":"1","X-Company-ID":"1"}} 
[2026-01-03 18:59:04] local.INFO: ProductController@index - User Info {"user_id":2,"user_email":"cajera@elexito.hn","branch_id":2,"tenant_id":1} 
[2026-01-03 18:59:04] local.INFO: ProductController@index - Applying branch filter {"branch_id":2} 
[2026-01-03 18:59:04] local.INFO: ProductController@index - SQL Query {"sql":"select * from `products` where exists (select * from `stock` where `products`.`id` = `stock`.`product_id` and `branch_id` = ? and `quantity` > ? and `stock`.`tenant_id` = ?) and `is_active` = ? and `products`.`tenant_id` = ? order by `name` asc","bindings":[2,0,1,true,1]} 
[2026-01-03 18:59:04] local.INFO: ProductController@index - Products returned {"count":5,"total":5} 
[2026-01-03 18:59:04] local.INFO: Product stock calculated {"product_id":4,"product_name":"Agua Azul 1L","branch_id":2,"total_stock":"447.00"} 
[2026-01-03 18:59:04] local.INFO: Product stock calculated {"product_id":1,"product_name":"Arroz Diana 1kg","branch_id":2,"total_stock":"146.00"} 
[2026-01-03 18:59:04] local.INFO: Product stock calculated {"product_id":5,"product_name":"Cloro Clorox 1L","branch_id":2,"total_stock":"119.00"} 
[2026-01-03 18:59:04] local.INFO: Product stock calculated {"product_id":3,"product_name":"Coca Cola 600ml","branch_id":2,"total_stock":"299.00"} 
[2026-01-03 18:59:04] local.INFO: Product stock calculated {"product_id":2,"product_name":"Frijoles Rojos 500g","branch_id":2,"total_stock":"224.00"} 
[2026-01-03 18:59:26] local.INFO: AuthController@me - User verified {"user_id":2,"email":"cajera@elexito.hn","branch_id":2,"tenant_id":1,"headers":{"X-Branch-ID":"2","X-Tenant-ID":"1","X-Company-ID":"1"}} 
[2026-01-03 18:59:28] local.INFO: ProductController@index - User Info {"user_id":2,"user_email":"cajera@elexito.hn","branch_id":2,"tenant_id":1} 
[2026-01-03 18:59:28] local.INFO: ProductController@index - Applying branch filter {"branch_id":2} 
[2026-01-03 18:59:28] local.INFO: ProductController@index - SQL Query {"sql":"select * from `products` where exists (select * from `stock` where `products`.`id` = `stock`.`product_id` and `branch_id` = ? and `quantity` > ? and `stock`.`tenant_id` = ?) and `is_active` = ? and `products`.`tenant_id` = ? order by `name` asc","bindings":[2,0,1,true,1]} 
[2026-01-03 18:59:28] local.INFO: ProductController@index - Products returned {"count":5,"total":5} 
[2026-01-03 18:59:28] local.INFO: Product stock calculated {"product_id":4,"product_name":"Agua Azul 1L","branch_id":2,"total_stock":"447.00"} 
[2026-01-03 18:59:28] local.INFO: Product stock calculated {"product_id":1,"product_name":"Arroz Diana 1kg","branch_id":2,"total_stock":"146.00"} 
[2026-01-03 18:59:28] local.INFO: Product stock calculated {"product_id":5,"product_name":"Cloro Clorox 1L","branch_id":2,"total_stock":"119.00"} 
[2026-01-03 18:59:28] local.INFO: Product stock calculated {"product_id":3,"product_name":"Coca Cola 600ml","branch_id":2,"total_stock":"299.00"} 
[2026-01-03 18:59:28] local.INFO: Product stock calculated {"product_id":2,"product_name":"Frijoles Rojos 500g","branch_id":2,"total_stock":"224.00"} 
[2026-01-03 18:59:32] local.INFO: Login attempt {"email":"cajera@elexito.hn","all_data":{"email":"cajera@elexito.hn","password":"cajera@elexito.hn","remember":false}} 
[2026-01-03 18:59:32] local.INFO: User lookup {"email":"cajera@elexito.hn","user_found":"yes","user_id":2} 
[2026-01-03 18:59:32] local.INFO: Login successful {"user_id":2} 
[2026-01-03 18:59:33] local.INFO: AuthController@me - User verified {"user_id":2,"email":"cajera@elexito.hn","branch_id":2,"tenant_id":1,"headers":{"X-Branch-ID":"2","X-Tenant-ID":"1","X-Company-ID":"1"}} 
[2026-01-03 18:59:38] local.INFO: ProductController@index - User Info {"user_id":2,"user_email":"cajera@elexito.hn","branch_id":2,"tenant_id":1} 
[2026-01-03 18:59:38] local.INFO: ProductController@index - Applying branch filter {"branch_id":2} 
[2026-01-03 18:59:38] local.INFO: ProductController@index - SQL Query {"sql":"select * from `products` where exists (select * from `stock` where `products`.`id` = `stock`.`product_id` and `branch_id` = ? and `quantity` > ? and `stock`.`tenant_id` = ?) and `is_active` = ? and `products`.`tenant_id` = ? order by `name` asc","bindings":[2,0,1,true,1]} 
[2026-01-03 18:59:38] local.INFO: ProductController@index - Products returned {"count":5,"total":5} 
[2026-01-03 18:59:38] local.INFO: Product stock calculated {"product_id":4,"product_name":"Agua Azul 1L","branch_id":2,"total_stock":"447.00"} 
[2026-01-03 18:59:38] local.INFO: Product stock calculated {"product_id":1,"product_name":"Arroz Diana 1kg","branch_id":2,"total_stock":"146.00"} 
[2026-01-03 18:59:38] local.INFO: Product stock calculated {"product_id":5,"product_name":"Cloro Clorox 1L","branch_id":2,"total_stock":"119.00"} 
[2026-01-03 18:59:38] local.INFO: Product stock calculated {"product_id":3,"product_name":"Coca Cola 600ml","branch_id":2,"total_stock":"299.00"} 
[2026-01-03 18:59:38] local.INFO: Product stock calculated {"product_id":2,"product_name":"Frijoles Rojos 500g","branch_id":2,"total_stock":"224.00"} 
[2026-01-03 19:00:01] local.INFO: ProductController@index - User Info {"user_id":2,"user_email":"cajera@elexito.hn","branch_id":2,"tenant_id":1} 
[2026-01-03 19:00:01] local.INFO: ProductController@index - Applying branch filter {"branch_id":2} 
[2026-01-03 19:00:01] local.INFO: ProductController@index - SQL Query {"sql":"select * from `products` where exists (select * from `stock` where `products`.`id` = `stock`.`product_id` and `branch_id` = ? and `quantity` > ? and `stock`.`tenant_id` = ?) and `products`.`tenant_id` = ? order by `name` asc","bindings":[2,0,1,1]} 
[2026-01-03 19:00:01] local.INFO: ProductController@index - Products returned {"count":5,"total":5} 
[2026-01-03 19:00:01] local.INFO: Product stock calculated {"product_id":4,"product_name":"Agua Azul 1L","branch_id":2,"total_stock":"447.00"} 
[2026-01-03 19:00:01] local.INFO: Product stock calculated {"product_id":1,"product_name":"Arroz Diana 1kg","branch_id":2,"total_stock":"146.00"} 
[2026-01-03 19:00:01] local.INFO: Product stock calculated {"product_id":5,"product_name":"Cloro Clorox 1L","branch_id":2,"total_stock":"119.00"} 
[2026-01-03 19:00:01] local.INFO: Product stock calculated {"product_id":3,"product_name":"Coca Cola 600ml","branch_id":2,"total_stock":"299.00"} 
[2026-01-03 19:00:01] local.INFO: Product stock calculated {"product_id":2,"product_name":"Frijoles Rojos 500g","branch_id":2,"total_stock":"224.00"} 
[2026-01-03 19:04:14] local.INFO: AuthController@me - User verified {"user_id":2,"email":"cajera@elexito.hn","branch_id":2,"tenant_id":1,"headers":{"X-Branch-ID":"2","X-Tenant-ID":"1","X-Company-ID":"1"}} 
[2026-01-03 19:04:14] local.INFO: ProductController@index - User Info {"user_id":2,"user_email":"cajera@elexito.hn","branch_id":2,"tenant_id":1} 
[2026-01-03 19:04:14] local.INFO: ProductController@index - Applying branch filter {"branch_id":2} 
[2026-01-03 19:04:14] local.INFO: ProductController@index - SQL Query {"sql":"select * from `products` where exists (select * from `stock` where `products`.`id` = `stock`.`product_id` and `branch_id` = ? and `quantity` > ? and `stock`.`tenant_id` = ?) and `products`.`tenant_id` = ? order by `name` asc","bindings":[2,0,1,1]} 
[2026-01-03 19:04:14] local.INFO: ProductController@index - Products returned {"count":5,"total":5} 
[2026-01-03 19:04:20] local.INFO: ProductController@index - User Info {"user_id":2,"user_email":"cajera@elexito.hn","branch_id":2,"tenant_id":1} 
[2026-01-03 19:04:20] local.INFO: ProductController@index - Applying branch filter {"branch_id":2} 
[2026-01-03 19:04:20] local.INFO: ProductController@index - SQL Query {"sql":"select * from `products` where exists (select * from `stock` where `products`.`id` = `stock`.`product_id` and `branch_id` = ? and `quantity` > ? and `stock`.`tenant_id` = ?) and `is_active` = ? and `products`.`tenant_id` = ? order by `name` asc","bindings":[2,0,1,true,1]} 
[2026-01-03 19:04:20] local.INFO: ProductController@index - Products returned {"count":5,"total":5} 
[2026-01-03 23:14:17] local.INFO: Login attempt {"email":"admin@elexito.hn","all_data":{"email":"admin@elexito.hn","password":"password123","remember":false}} 
[2026-01-03 23:14:17] local.INFO: User lookup {"email":"admin@elexito.hn","user_found":"yes","user_id":1} 
[2026-01-03 23:14:17] local.INFO: Login successful {"user_id":1} 
[2026-01-03 23:14:18] local.INFO: AuthController@me - User verified {"user_id":1,"email":"admin@elexito.hn","branch_id":1,"tenant_id":1,"headers":{"X-Branch-ID":"1","X-Tenant-ID":"1","X-Company-ID":"1"}} 
[2026-01-03 23:14:21] local.INFO: ProductController@index - User Info {"user_id":1,"user_email":"admin@elexito.hn","branch_id":1,"tenant_id":1} 
[2026-01-03 23:14:21] local.INFO: ProductController@index - Applying branch filter {"branch_id":1} 
[2026-01-03 23:14:21] local.INFO: ProductController@index - SQL Query {"sql":"select * from `products` where exists (select * from `stock` where `products`.`id` = `stock`.`product_id` and `branch_id` = ? and `quantity` > ? and `stock`.`tenant_id` = ?) and `products`.`tenant_id` = ? order by `name` asc","bindings":[1,0,1,1]} 
[2026-01-03 23:14:21] local.INFO: ProductController@index - Products returned {"count":5,"total":5} 
[2026-01-03 23:14:35] local.INFO: Login attempt {"email":"cajera@elexito.hn","all_data":{"email":"cajera@elexito.hn","password":"cajera@elexito.hn","remember":false}} 
[2026-01-03 23:14:35] local.INFO: User lookup {"email":"cajera@elexito.hn","user_found":"yes","user_id":2} 
[2026-01-03 23:14:36] local.INFO: Login successful {"user_id":2} 
[2026-01-03 23:14:37] local.INFO: AuthController@me - User verified {"user_id":2,"email":"cajera@elexito.hn","branch_id":2,"tenant_id":1,"headers":{"X-Branch-ID":"2","X-Tenant-ID":"1","X-Company-ID":"1"}} 
[2026-01-03 23:15:00] local.INFO: ProductController@index - User Info {"user_id":2,"user_email":"cajera@elexito.hn","branch_id":2,"tenant_id":1} 
[2026-01-03 23:15:00] local.INFO: ProductController@index - Applying branch filter {"branch_id":2} 
[2026-01-03 23:15:00] local.INFO: ProductController@index - SQL Query {"sql":"select * from `products` where exists (select * from `stock` where `products`.`id` = `stock`.`product_id` and `branch_id` = ? and `quantity` > ? and `stock`.`tenant_id` = ?) and (`name` like ? or `sku` like ? or `barcode` like ?) and `products`.`tenant_id` = ? order by `name` asc","bindings":[2,0,1,"%pe%","%pe%","%pe%",1]} 
[2026-01-03 23:15:00] local.INFO: ProductController@index - Products returned {"count":0,"total":0} 
[2026-01-03 23:15:00] local.INFO: ProductController@index - User Info {"user_id":2,"user_email":"cajera@elexito.hn","branch_id":2,"tenant_id":1} 
[2026-01-03 23:15:00] local.INFO: ProductController@index - Applying branch filter {"branch_id":2} 
[2026-01-03 23:15:00] local.INFO: ProductController@index - SQL Query {"sql":"select * from `products` where exists (select * from `stock` where `products`.`id` = `stock`.`product_id` and `branch_id` = ? and `quantity` > ? and `stock`.`tenant_id` = ?) and (`name` like ? or `sku` like ? or `barcode` like ?) and `products`.`tenant_id` = ? order by `name` asc","bindings":[2,0,1,"%pep%","%pep%","%pep%",1]} 
[2026-01-03 23:15:00] local.INFO: ProductController@index - Products returned {"count":0,"total":0} 
[2026-01-03 23:15:02] local.INFO: ProductController@index - User Info {"user_id":2,"user_email":"cajera@elexito.hn","branch_id":2,"tenant_id":1} 
[2026-01-03 23:15:02] local.INFO: ProductController@index - Applying branch filter {"branch_id":2} 
[2026-01-03 23:15:02] local.INFO: ProductController@index - SQL Query {"sql":"select * from `products` where exists (select * from `stock` where `products`.`id` = `stock`.`product_id` and `branch_id` = ? and `quantity` > ? and `stock`.`tenant_id` = ?) and (`name` like ? or `sku` like ? or `barcode` like ?) and `products`.`tenant_id` = ? order by `name` asc","bindings":[2,0,1,"%peps%","%peps%","%peps%",1]} 
[2026-01-03 23:15:02] local.INFO: ProductController@index - Products returned {"count":0,"total":0} 
[2026-01-03 23:15:02] local.INFO: ProductController@index - User Info {"user_id":2,"user_email":"cajera@elexito.hn","branch_id":2,"tenant_id":1} 
[2026-01-03 23:15:02] local.INFO: ProductController@index - Applying branch filter {"branch_id":2} 
[2026-01-03 23:15:02] local.INFO: ProductController@index - SQL Query {"sql":"select * from `products` where exists (select * from `stock` where `products`.`id` = `stock`.`product_id` and `branch_id` = ? and `quantity` > ? and `stock`.`tenant_id` = ?) and (`name` like ? or `sku` like ? or `barcode` like ?) and `products`.`tenant_id` = ? order by `name` asc","bindings":[2,0,1,"%pepsi%","%pepsi%","%pepsi%",1]} 
[2026-01-03 23:15:02] local.INFO: ProductController@index - Products returned {"count":0,"total":0} 
[2026-01-03 23:15:04] local.INFO: ProductController@index - User Info {"user_id":2,"user_email":"cajera@elexito.hn","branch_id":2,"tenant_id":1} 
[2026-01-03 23:15:04] local.INFO: ProductController@index - Applying branch filter {"branch_id":2} 
[2026-01-03 23:15:04] local.INFO: ProductController@index - SQL Query {"sql":"select * from `products` where exists (select * from `stock` where `products`.`id` = `stock`.`product_id` and `branch_id` = ? and `quantity` > ? and `stock`.`tenant_id` = ?) and (`name` like ? or `sku` like ? or `barcode` like ?) and `products`.`tenant_id` = ? order by `name` asc","bindings":[2,0,1,"%peps%","%peps%","%peps%",1]} 
[2026-01-03 23:15:04] local.INFO: ProductController@index - Products returned {"count":0,"total":0} 
[2026-01-03 23:15:04] local.INFO: ProductController@index - User Info {"user_id":2,"user_email":"cajera@elexito.hn","branch_id":2,"tenant_id":1} 
[2026-01-03 23:15:04] local.INFO: ProductController@index - Applying branch filter {"branch_id":2} 
[2026-01-03 23:15:04] local.INFO: ProductController@index - SQL Query {"sql":"select * from `products` where exists (select * from `stock` where `products`.`id` = `stock`.`product_id` and `branch_id` = ? and `quantity` > ? and `stock`.`tenant_id` = ?) and (`name` like ? or `sku` like ? or `barcode` like ?) and `products`.`tenant_id` = ? order by `name` asc","bindings":[2,0,1,"%pep%","%pep%","%pep%",1]} 
[2026-01-03 23:15:04] local.INFO: ProductController@index - Products returned {"count":0,"total":0} 
[2026-01-03 23:15:04] local.INFO: ProductController@index - User Info {"user_id":2,"user_email":"cajera@elexito.hn","branch_id":2,"tenant_id":1} 
[2026-01-03 23:15:04] local.INFO: ProductController@index - Applying branch filter {"branch_id":2} 
[2026-01-03 23:15:04] local.INFO: ProductController@index - SQL Query {"sql":"select * from `products` where exists (select * from `stock` where `products`.`id` = `stock`.`product_id` and `branch_id` = ? and `quantity` > ? and `stock`.`tenant_id` = ?) and (`name` like ? or `sku` like ? or `barcode` like ?) and `products`.`tenant_id` = ? order by `name` asc","bindings":[2,0,1,"%pe%","%pe%","%pe%",1]} 
[2026-01-03 23:15:04] local.INFO: ProductController@index - Products returned {"count":0,"total":0} 
[2026-01-03 23:15:05] local.INFO: ProductController@index - User Info {"user_id":2,"user_email":"cajera@elexito.hn","branch_id":2,"tenant_id":1} 
[2026-01-03 23:15:05] local.INFO: ProductController@index - Applying branch filter {"branch_id":2} 
[2026-01-03 23:15:05] local.INFO: ProductController@index - SQL Query {"sql":"select * from `products` where exists (select * from `stock` where `products`.`id` = `stock`.`product_id` and `branch_id` = ? and `quantity` > ? and `stock`.`tenant_id` = ?) and `products`.`tenant_id` = ? order by `name` asc","bindings":[2,0,1,1]} 
[2026-01-03 23:15:05] local.INFO: ProductController@index - Products returned {"count":5,"total":5} 
[2026-01-03 23:15:12] local.INFO: ProductController@index - User Info {"user_id":2,"user_email":"cajera@elexito.hn","branch_id":2,"tenant_id":1} 
[2026-01-03 23:15:12] local.INFO: ProductController@index - Applying branch filter {"branch_id":2} 
[2026-01-03 23:15:12] local.INFO: ProductController@index - SQL Query {"sql":"select * from `products` where exists (select * from `stock` where `products`.`id` = `stock`.`product_id` and `branch_id` = ? and `quantity` > ? and `stock`.`tenant_id` = ?) and (`name` like ? or `sku` like ? or `barcode` like ?) and `products`.`tenant_id` = ? order by `name` asc","bindings":[2,0,1,"%ag%","%ag%","%ag%",1]} 
[2026-01-03 23:15:12] local.INFO: ProductController@index - Products returned {"count":1,"total":1} 
[2026-01-03 23:15:12] local.INFO: ProductController@index - User Info {"user_id":2,"user_email":"cajera@elexito.hn","branch_id":2,"tenant_id":1} 
[2026-01-03 23:15:12] local.INFO: ProductController@index - Applying branch filter {"branch_id":2} 
[2026-01-03 23:15:12] local.INFO: ProductController@index - SQL Query {"sql":"select * from `products` where exists (select * from `stock` where `products`.`id` = `stock`.`product_id` and `branch_id` = ? and `quantity` > ? and `stock`.`tenant_id` = ?) and (`name` like ? or `sku` like ? or `barcode` like ?) and `products`.`tenant_id` = ? order by `name` asc","bindings":[2,0,1,"%agu%","%agu%","%agu%",1]} 
[2026-01-03 23:15:12] local.INFO: ProductController@index - Products returned {"count":1,"total":1} 
[2026-01-03 23:15:12] local.INFO: ProductController@index - User Info {"user_id":2,"user_email":"cajera@elexito.hn","branch_id":2,"tenant_id":1} 
[2026-01-03 23:15:12] local.INFO: ProductController@index - Applying branch filter {"branch_id":2} 
[2026-01-03 23:15:12] local.INFO: ProductController@index - SQL Query {"sql":"select * from `products` where exists (select * from `stock` where `products`.`id` = `stock`.`product_id` and `branch_id` = ? and `quantity` > ? and `stock`.`tenant_id` = ?) and (`name` like ? or `sku` like ? or `barcode` like ?) and `products`.`tenant_id` = ? order by `name` asc","bindings":[2,0,1,"%agua%","%agua%","%agua%",1]} 
[2026-01-03 23:15:12] local.INFO: ProductController@index - Products returned {"count":1,"total":1} 
[2026-01-03 23:38:12] local.INFO: AuthController@me - User verified {"user_id":2,"email":"cajera@elexito.hn","branch_id":2,"tenant_id":1,"headers":{"X-Branch-ID":"2","X-Tenant-ID":"1","X-Company-ID":"1"}} 
[2026-01-03 23:43:27] local.INFO: Login attempt {"email":"cajera@elexito.hn","all_data":{"email":"cajera@elexito.hn","password":"cajera@elexito.hn","remember":false}} 
[2026-01-03 23:43:27] local.INFO: User lookup {"email":"cajera@elexito.hn","user_found":"yes","user_id":2} 
[2026-01-03 23:43:27] local.INFO: Login successful {"user_id":2} 
[2026-01-03 23:43:27] local.INFO: AuthController@me - User verified {"user_id":2,"email":"cajera@elexito.hn","branch_id":2,"tenant_id":1,"headers":{"X-Branch-ID":"2","X-Tenant-ID":"1","X-Company-ID":"1"}} 
